{"C:\\Users\\Falcon\\Desktop\\spring-boot-vuejs\\frontend\\src\\App.vue": {"path":"C:\\Users\\Falcon\\Desktop\\spring-boot-vuejs\\frontend\\src\\App.vue","statementMap":{"0":{"start":{"line":42,"column":0},"end":{"line":42,"column":null}}},"fnMap":{"0":{"name":"(anonymous_1)","decl":{"start":{"line":41,"column":0},"end":{"line":41,"column":null}},"loc":{"start":{"line":41,"column":0},"end":{"line":45,"column":null}}}},"branchMap":{},"s":{"0":1},"f":{"0":1},"b":{}}
,"C:\\Users\\Falcon\\Desktop\\spring-boot-vuejs\\frontend\\src\\components\\Hello.vue": {"path":"C:\\Users\\Falcon\\Desktop\\spring-boot-vuejs\\frontend\\src\\components\\Hello.vue","statementMap":{"0":{"start":{"line":44,"column":0},"end":{"line":44,"column":null}}},"fnMap":{"0":{"name":"(anonymous_1)","decl":{"start":{"line":43,"column":0},"end":{"line":43,"column":null}},"loc":{"start":{"line":43,"column":0},"end":{"line":47,"column":null}}}},"branchMap":{},"s":{"0":1},"f":{"0":1},"b":{}}
,"C:\\Users\\Falcon\\Desktop\\spring-boot-vuejs\\frontend\\src\\components\\User.vue": {"path":"C:\\Users\\Falcon\\Desktop\\spring-boot-vuejs\\frontend\\src\\components\\User.vue","statementMap":{"0":{"start":{"line":52,"column":0},"end":{"line":52,"column":null}},"1":{"start":{"line":53,"column":0},"end":{"line":53,"column":null}},"2":{"start":{"line":58,"column":0},"end":{"line":58,"column":null}},"3":{"start":{"line":75,"column":0},"end":{"line":75,"column":null}},"4":{"start":{"line":81,"column":0},"end":{"line":81,"column":null}},"5":{"start":{"line":84,"column":0},"end":{"line":84,"column":null}},"6":{"start":{"line":85,"column":0},"end":{"line":95,"column":null}},"7":{"start":{"line":87,"column":0},"end":{"line":87,"column":null}},"8":{"start":{"line":88,"column":0},"end":{"line":88,"column":null}},"9":{"start":{"line":90,"column":0},"end":{"line":90,"column":null}},"10":{"start":{"line":91,"column":0},"end":{"line":91,"column":null}},"11":{"start":{"line":94,"column":0},"end":{"line":94,"column":null}},"12":{"start":{"line":100,"column":0},"end":{"line":107,"column":null}},"13":{"start":{"line":101,"column":0},"end":{"line":101,"column":null}},"14":{"start":{"line":102,"column":0},"end":{"line":102,"column":null}},"15":{"start":{"line":103,"column":0},"end":{"line":103,"column":null}},"16":{"start":{"line":106,"column":0},"end":{"line":106,"column":null}}},"fnMap":{"0":{"name":"(anonymous_1)","decl":{"start":{"line":57,"column":0},"end":{"line":57,"column":null}},"loc":{"start":{"line":57,"column":0},"end":{"line":72,"column":null}}},"1":{"name":"(anonymous_2)","decl":{"start":{"line":74,"column":0},"end":{"line":74,"column":null}},"loc":{"start":{"line":74,"column":0},"end":{"line":77,"column":null}}},"2":{"name":"(anonymous_3)","decl":{"start":{"line":80,"column":0},"end":{"line":80,"column":null}},"loc":{"start":{"line":80,"column":0},"end":{"line":82,"column":null}}},"3":{"name":"(anonymous_4)","decl":{"start":{"line":83,"column":0},"end":{"line":83,"column":null}},"loc":{"start":{"line":83,"column":0},"end":{"line":97,"column":null}}},"4":{"name":"(anonymous_5)","decl":{"start":{"line":85,"column":0},"end":{"line":85,"column":null}},"loc":{"start":{"line":85,"column":0},"end":{"line":92,"column":null}}},"5":{"name":"(anonymous_6)","decl":{"start":{"line":92,"column":0},"end":{"line":92,"column":null}},"loc":{"start":{"line":92,"column":0},"end":{"line":95,"column":null}}},"6":{"name":"(anonymous_7)","decl":{"start":{"line":99,"column":0},"end":{"line":99,"column":null}},"loc":{"start":{"line":99,"column":0},"end":{"line":108,"column":null}}},"7":{"name":"(anonymous_8)","decl":{"start":{"line":100,"column":0},"end":{"line":100,"column":null}},"loc":{"start":{"line":100,"column":0},"end":{"line":104,"column":null}}},"8":{"name":"(anonymous_9)","decl":{"start":{"line":104,"column":0},"end":{"line":104,"column":null}},"loc":{"start":{"line":104,"column":0},"end":{"line":107,"column":null}}}},"branchMap":{},"s":{"0":1,"1":1,"2":1,"3":1,"4":0,"5":0,"6":0,"7":0,"8":0,"9":0,"10":0,"11":0,"12":1,"13":0,"14":0,"15":0,"16":0},"f":{"0":1,"1":1,"2":0,"3":0,"4":0,"5":0,"6":1,"7":0,"8":0},"b":{}}
,"C:\\Users\\Falcon\\Desktop\\spring-boot-vuejs\\frontend\\src\\components\\backend-api.js": {"path":"C:\\Users\\Falcon\\Desktop\\spring-boot-vuejs\\frontend\\src\\components\\backend-api.js","statementMap":{"0":{"start":{"line":12,"column":14},"end":{"line":15,"column":2}},"1":{"start":{"line":19,"column":8},"end":{"line":19,"column":35}},"2":{"start":{"line":22,"column":8},"end":{"line":22,"column":35}},"3":{"start":{"line":25,"column":9},"end":{"line":25,"column":43}},"4":{"start":{"line":28,"column":8},"end":{"line":28,"column":45}},"5":{"start":{"line":31,"column":8},"end":{"line":31,"column":85}},"6":{"start":{"line":34,"column":8},"end":{"line":38,"column":16}}},"fnMap":{"0":{"name":"(anonymous_0)","decl":{"start":{"line":18,"column":4},"end":{"line":18,"column":5}},"loc":{"start":{"line":18,"column":12},"end":{"line":20,"column":5}},"line":18},"1":{"name":"(anonymous_1)","decl":{"start":{"line":21,"column":4},"end":{"line":21,"column":5}},"loc":{"start":{"line":21,"column":15},"end":{"line":23,"column":5}},"line":21},"2":{"name":"(anonymous_2)","decl":{"start":{"line":24,"column":4},"end":{"line":24,"column":5}},"loc":{"start":{"line":24,"column":13},"end":{"line":26,"column":5}},"line":24},"3":{"name":"(anonymous_3)","decl":{"start":{"line":27,"column":4},"end":{"line":27,"column":5}},"loc":{"start":{"line":27,"column":20},"end":{"line":29,"column":5}},"line":27},"4":{"name":"(anonymous_4)","decl":{"start":{"line":30,"column":4},"end":{"line":30,"column":5}},"loc":{"start":{"line":30,"column":35},"end":{"line":32,"column":5}},"line":30},"5":{"name":"(anonymous_5)","decl":{"start":{"line":33,"column":4},"end":{"line":33,"column":5}},"loc":{"start":{"line":33,"column":31},"end":{"line":39,"column":5}},"line":33}},"branchMap":{},"s":{"0":1,"1":0,"2":1,"3":0,"4":0,"5":0,"6":0},"f":{"0":0,"1":1,"2":0,"3":0,"4":0,"5":0},"b":{},"_coverageSchema":"43e27e138ebf9cfc5966b082cf9a028302ed4184","hash":"d4770e84a7e219d4df7f014bb0c6026baef0632c"}
}
