TN:
SF:C:\Users\Falcon\Desktop\spring-boot-vuejs\frontend\src\App.vue
FN:41,(anonymous_1)
FNF:1
FNH:1
FNDA:1,(anonymous_1)
DA:42,1
LF:1
LH:1
BRF:0
BRH:0
end_of_record
TN:
SF:C:\Users\Falcon\Desktop\spring-boot-vuejs\frontend\src\components\Hello.vue
FN:43,(anonymous_1)
FNF:1
FNH:1
FNDA:1,(anonymous_1)
DA:44,1
LF:1
LH:1
BRF:0
BRH:0
end_of_record
TN:
SF:C:\Users\Falcon\Desktop\spring-boot-vuejs\frontend\src\components\User.vue
FN:57,(anonymous_1)
FN:74,(anonymous_2)
FN:80,(anonymous_3)
FN:83,(anonymous_4)
FN:85,(anonymous_5)
FN:92,(anonymous_6)
FN:99,(anonymous_7)
FN:100,(anonymous_8)
FN:104,(anonymous_9)
FNF:9
FNH:3
FNDA:1,(anonymous_1)
FNDA:1,(anonymous_2)
FNDA:0,(anonymous_3)
FNDA:0,(anonymous_4)
FNDA:0,(anonymous_5)
FNDA:0,(anonymous_6)
FNDA:1,(anonymous_7)
FNDA:0,(anonymous_8)
FNDA:0,(anonymous_9)
DA:52,1
DA:53,1
DA:58,1
DA:75,1
DA:81,0
DA:84,0
DA:85,0
DA:87,0
DA:88,0
DA:90,0
DA:91,0
DA:94,0
DA:100,1
DA:101,0
DA:102,0
DA:103,0
DA:106,0
LF:17
LH:5
BRF:0
BRH:0
end_of_record
TN:
SF:C:\Users\Falcon\Desktop\spring-boot-vuejs\frontend\src\components\backend-api.js
FN:18,(anonymous_0)
FN:21,(anonymous_1)
FN:24,(anonymous_2)
FN:27,(anonymous_3)
FN:30,(anonymous_4)
FN:33,(anonymous_5)
FNF:6
FNH:1
FNDA:0,(anonymous_0)
FNDA:1,(anonymous_1)
FNDA:0,(anonymous_2)
FNDA:0,(anonymous_3)
FNDA:0,(anonymous_4)
FNDA:0,(anonymous_5)
DA:12,1
DA:19,0
DA:22,1
DA:25,0
DA:28,0
DA:31,0
DA:34,0
LF:7
LH:2
BRF:0
BRH:0
end_of_record
